<?xml version="1.0" encoding="UTF-8"?>
<!-- Generated by org.testng.reporters.JUnitReportReporter -->
<testsuite hostname="MSHAH2-WLT" failures="0" tests="1" name="com.test.LoginpageTest" time="0.000" errors="0" timestamp="2020-04-27T17:18:12 PDT" skipped="1">
  <testcase classname="com.test.LoginpageTest" name="testuserlogin" time="0.000">
    <skipped/>
  </testcase> <!-- testuserlogin -->
  <system-out/>
</testsuite> <!-- com.test.LoginpageTest -->
